Base path: 'D:/Unity/2019.2.8f1/Editor/Data', plugins path 'D:/Unity/2019.2.8f1/Editor/Data/PlaybackEngines'
Cmd: initializeCompiler
Cmd: preprocess
  insize=1749 outsize=395 ok=1
Cmd: preprocess
  insize=3608 outsize=1262 ok=1
Cmd: preprocess
  insize=1343 outsize=697 ok=1
Cmd: preprocess
  insize=5627 outsize=1264 ok=1
Cmd: preprocess
  insize=3652 outsize=1674 ok=1
Cmd: preprocess
  insize=242 outsize=239 ok=1
Cmd: preprocessCompute
  insize=3319 outsize=3318 ok=1
Cmd: preprocess
  insize=1554 outsize=828 ok=1
Cmd: preprocess
  insize=1239 outsize=519 ok=1
Cmd: preprocess
  insize=3141 outsize=1175 ok=1
Cmd: preprocess
  insize=1196 outsize=402 ok=1
Cmd: preprocess
  insize=833 outsize=322 ok=1
Cmd: preprocess
  insize=2292 outsize=573 ok=1
Cmd: preprocess
  insize=12931 outsize=2549 ok=1
Cmd: preprocess
  insize=3606 outsize=1310 ok=1
Cmd: preprocess
  insize=911 outsize=355 ok=1
Cmd: preprocessCompute
  insize=7223 outsize=7236 ok=1
Cmd: preprocess
  insize=5187 outsize=593 ok=1
Cmd: preprocess
  insize=21742 outsize=9925 ok=1
Cmd: preprocess
  insize=4661 outsize=539 ok=1
Cmd: preprocess
  insize=10875 outsize=4001 ok=1
Cmd: preprocess
  insize=1771 outsize=400 ok=1
Cmd: preprocessCompute
  insize=375 outsize=374 ok=1
Cmd: preprocess
  insize=1919 outsize=358 ok=1
Cmd: preprocess
  insize=3615 outsize=2669 ok=1
Cmd: preprocess
  insize=12069 outsize=2430 ok=1
Cmd: preprocess
  insize=1876 outsize=565 ok=1
Cmd: preprocess
  insize=7844 outsize=2494 ok=1
Cmd: preprocess
  insize=8019 outsize=2766 ok=1
Cmd: preprocess
  insize=8040 outsize=1223 ok=1
Cmd: preprocessCompute
  insize=2513 outsize=2512 ok=1
Cmd: preprocess
  insize=2420 outsize=1129 ok=1
Cmd: preprocessCompute
  insize=7872 outsize=7871 ok=1
Cmd: preprocess
  insize=2770 outsize=597 ok=1
Cmd: preprocess
  insize=10864 outsize=3992 ok=1
Cmd: preprocessCompute
  insize=4474 outsize=4473 ok=1
Cmd: preprocess
  insize=942 outsize=341 ok=1
Cmd: preprocess
  insize=1144 outsize=536 ok=1
Cmd: preprocess
  insize=4453 outsize=3687 ok=1
Cmd: preprocessCompute
  insize=2815 outsize=2814 ok=1
Cmd: preprocess
  insize=7870 outsize=2504 ok=1
